<?xml version="1.0" encoding="UTF-8"?>
<testng-results skipped="0" failed="0" total="1" passed="1">
  <reporter-output>
  </reporter-output>
  <suite name="Suite1" duration-ms="10457" started-at="2019-03-18T19:37:45Z" finished-at="2019-03-18T19:37:55Z">
    <groups>
    </groups>
    <test name="Git-Maven-Jenkins-Setup" duration-ms="10457" started-at="2019-03-18T19:37:45Z" finished-at="2019-03-18T19:37:55Z">
      <class name="mavenTesting.mavenJenkinsSetup">
        <test-method status="PASS" signature="GitSetup()[pri:0, instance:mavenTesting.mavenJenkinsSetup@1cd072a9]" name="GitSetup" duration-ms="10428" started-at="2019-03-19T01:07:45Z" finished-at="2019-03-19T01:07:55Z">
          <reporter-output>
          </reporter-output>
        </test-method> <!-- GitSetup -->
      </class> <!-- mavenTesting.mavenJenkinsSetup -->
    </test> <!-- Git-Maven-Jenkins-Setup -->
  </suite> <!-- Suite1 -->
</testng-results>
